<?xml version="1.0" encoding="UTF-8"?>
<testng-results ignored="0" total="1" passed="1" failed="0" skipped="0">
  <reporter-output>
  </reporter-output>
  <suite started-at="2023-09-13T08:11:40Z" name="Default suite" finished-at="2023-09-13T08:12:29Z" duration-ms="49190">
    <groups>
    </groups>
    <test started-at="2023-09-13T08:11:40Z" name="Default test" finished-at="2023-09-13T08:12:29Z" duration-ms="49190">
      <class name="org.fadhilacademy.TC_LoginVisionPlus">
        <test-method is-config="true" signature="ConfigureAppium()[pri:0, instance:org.fadhilacademy.TC_LoginVisionPlus@19b93fa8]" started-at="2023-09-13T08:11:40Z" name="ConfigureAppium" finished-at="2023-09-13T08:11:49Z" duration-ms="9304" status="PASS">
          <reporter-output>
          </reporter-output>
        </test-method> <!-- ConfigureAppium -->
        <test-method signature="successLoginLogoutScript()[pri:0, instance:org.fadhilacademy.TC_LoginVisionPlus@19b93fa8]" started-at="2023-09-13T08:11:49Z" name="successLoginLogoutScript" finished-at="2023-09-13T08:12:28Z" duration-ms="39295" status="PASS">
          <reporter-output>
          </reporter-output>
        </test-method> <!-- successLoginLogoutScript -->
        <test-method is-config="true" signature="tearDown()[pri:0, instance:org.fadhilacademy.TC_LoginVisionPlus@19b93fa8]" started-at="2023-09-13T08:12:28Z" name="tearDown" finished-at="2023-09-13T08:12:29Z" duration-ms="576" status="PASS">
          <reporter-output>
          </reporter-output>
        </test-method> <!-- tearDown -->
      </class> <!-- org.fadhilacademy.TC_LoginVisionPlus -->
    </test> <!-- Default test -->
  </suite> <!-- Default suite -->
</testng-results>
